Release 14.7 - xst P.20160913 (lin64)
Copyright (c) 1995-2013 Xilinx, Inc.  All rights reserved.
--> 
Parameter TMPDIR set to xst/projnav.tmp


Total REAL time to Xst completion: 0.00 secs
Total CPU time to Xst completion: 0.07 secs
 
--> 
Parameter xsthdpdir set to xst


Total REAL time to Xst completion: 0.00 secs
Total CPU time to Xst completion: 0.07 secs
 
--> 
Reading design: clkdiv.prj

TABLE OF CONTENTS
  1) Synthesis Options Summary
  2) HDL Parsing
  3) HDL Elaboration
  4) HDL Synthesis
       4.1) HDL Synthesis Report
  5) Advanced HDL Synthesis
       5.1) Advanced HDL Synthesis Report
  6) Low Level Synthesis
  7) Partition Report
  8) Design Summary
       8.1) Primitive and Black Box Usage
       8.2) Device utilization summary
       8.3) Partition Resource Summary
       8.4) Timing Report
            8.4.1) Clock Information
            8.4.2) Asynchronous Control Signals Information
            8.4.3) Timing Summary
            8.4.4) Timing Details
            8.4.5) Cross Clock Domains Report


=========================================================================
*                      Synthesis Options Summary                        *
=========================================================================
---- Source Parameters
Input File Name                    : "clkdiv.prj"
Ignore Synthesis Constraint File   : NO

---- Target Parameters
Output File Name                   : "clkdiv"
Output Format                      : NGC
Target Device                      : xc6slx4-3-tqg144

---- Source Options
Top Module Name                    : clkdiv
Automatic FSM Extraction           : YES
FSM Encoding Algorithm             : Auto
Safe Implementation                : No
FSM Style                          : LUT
RAM Extraction                     : Yes
RAM Style                          : Auto
ROM Extraction                     : Yes
Shift Register Extraction          : YES
ROM Style                          : Auto
Resource Sharing                   : YES
Asynchronous To Synchronous        : NO
Shift Register Minimum Size        : 2
Use DSP Block                      : Auto
Automatic Register Balancing       : No

---- Target Options
LUT Combining                      : Auto
Reduce Control Sets                : Auto
Add IO Buffers                     : YES
Global Maximum Fanout              : 100000
Add Generic Clock Buffer(BUFG)     : 16
Register Duplication               : YES
Optimize Instantiated Primitives   : NO
Use Clock Enable                   : Auto
Use Synchronous Set                : Auto
Use Synchronous Reset              : Auto
Pack IO Registers into IOBs        : Auto
Equivalent register Removal        : YES

---- General Options
Optimization Goal                  : Speed
Optimization Effort                : 1
Power Reduction                    : NO
Keep Hierarchy                     : No
Netlist Hierarchy                  : As_Optimized
RTL Output                         : Yes
Global Optimization                : AllClockNets
Read Cores                         : YES
Write Timing Constraints           : NO
Cross Clock Analysis               : NO
Hierarchy Separator                : /
Bus Delimiter                      : <>
Case Specifier                     : Maintain
Slice Utilization Ratio            : 100
BRAM Utilization Ratio             : 100
DSP48 Utilization Ratio            : 100
Auto BRAM Packing                  : NO
Slice Utilization Ratio Delta      : 5

=========================================================================


=========================================================================
*                          HDL Parsing                                  *
=========================================================================
Analyzing Verilog file "/home/ise/clkdiv/clkdiv.v" into library work
Parsing module <clkdiv>.

=========================================================================
*                            HDL Elaboration                            *
=========================================================================

Elaborating module <clkdiv>.

=========================================================================
*                           HDL Synthesis                               *
=========================================================================

Synthesizing Unit <clkdiv>.
    Related source file is "/home/ise/clkdiv/clkdiv.v".
    Found 32-bit register for signal <out_clk>.
    Found 32-bit adder for signal <out_clk[31]_GND_1_o_add_1_OUT> created at line 30.
    Summary:
	inferred   1 Adder/Subtractor(s).
	inferred  32 D-type flip-flop(s).
Unit <clkdiv> synthesized.

=========================================================================
HDL Synthesis Report

Macro Statistics
# Adders/Subtractors                                   : 1
 32-bit adder                                          : 1
# Registers                                            : 1
 32-bit register                                       : 1

=========================================================================

=========================================================================
*                       Advanced HDL Synthesis                          *
=========================================================================


Synthesizing (advanced) Unit <clkdiv>.
The following registers are absorbed into counter <out_clk>: 1 register on signal <out_clk>.
Unit <clkdiv> synthesized (advanced).

=========================================================================
Advanced HDL Synthesis Report

Macro Statistics
# Counters                                             : 1
 32-bit up counter                                     : 1

=========================================================================

=========================================================================
*                         Low Level Synthesis                           *
=========================================================================

Optimizing unit <clkdiv> ...

Mapping all equations...
Building and optimizing final netlist ...
Found area constraint ratio of 100 (+ 5) on block clkdiv, actual ratio is 1.

Final Macro Processing ...

=========================================================================
Final Register Report

Macro Statistics
# Registers                                            : 32
 Flip-Flops                                            : 32

=========================================================================

=========================================================================
*                           Partition Report                            *
=========================================================================

Partition Implementation Status
-------------------------------

  No Partitions were found in this design.

-------------------------------

=========================================================================
*                            Design Summary                             *
=========================================================================

Top Level Output File Name         : clkdiv.ngc

Primitive and Black Box Usage:
------------------------------
# BELS                             : 98
#      GND                         : 1
#      INV                         : 2
#      LUT1                        : 31
#      MUXCY                       : 31
#      VCC                         : 1
#      XORCY                       : 32
# FlipFlops/Latches                : 32
#      FDR                         : 32
# Clock Buffers                    : 1
#      BUFGP                       : 1
# IO Buffers                       : 33
#      IBUF                        : 1
#      OBUF                        : 32

Device utilization summary:
---------------------------

Selected Device : 6slx4tqg144-3 


Slice Logic Utilization: 
 Number of Slice Registers:              32  out of   4800     0%  
 Number of Slice LUTs:                   33  out of   2400     1%  
    Number used as Logic:                33  out of   2400     1%  

Slice Logic Distribution: 
 Number of LUT Flip Flop pairs used:     33
   Number with an unused Flip Flop:       1  out of     33     3%  
   Number with an unused LUT:             0  out of     33     0%  
   Number of fully used LUT-FF pairs:    32  out of     33    96%  
   Number of unique control sets:         1

IO Utilization: 
 Number of IOs:                          34
 Number of bonded IOBs:                  34  out of    102    33%  

Specific Feature Utilization:
 Number of BUFG/BUFGCTRLs:                1  out of     16     6%  

---------------------------
Partition Resource Summary:
---------------------------

  No Partitions were found in this design.

---------------------------


=========================================================================
Timing Report

NOTE: THESE TIMING NUMBERS ARE ONLY A SYNTHESIS ESTIMATE.
      FOR ACCURATE TIMING INFORMATION PLEASE REFER TO THE TRACE REPORT
      GENERATED AFTER PLACE-and-ROUTE.

Clock Information:
------------------
-----------------------------------+------------------------+-------+
Clock Signal                       | Clock buffer(FF name)  | Load  |
-----------------------------------+------------------------+-------+
clk                                | BUFGP                  | 32    |
-----------------------------------+------------------------+-------+

Asynchronous Control Signals Information:
----------------------------------------
No asynchronous control signals found in this design

Timing Summary:
---------------
Speed Grade: -3

   Minimum period: 2.293ns (Maximum Frequency: 436.062MHz)
   Minimum input arrival time before clock: 3.728ns
   Maximum output required time after clock: 3.634ns
   Maximum combinational path delay: No path found

Timing Details:
---------------
All values displayed in nanoseconds (ns)

=========================================================================
Timing constraint: Default period analysis for Clock 'clk'
  Clock period: 2.293ns (frequency: 436.062MHz)
  Total number of paths / destination ports: 528 / 32
-------------------------------------------------------------------------
Delay:               2.293ns (Levels of Logic = 33)
  Source:            out_clk_0 (FF)
  Destination:       out_clk_31 (FF)
  Source Clock:      clk rising
  Destination Clock: clk rising

  Data Path: out_clk_0 to out_clk_31
                                Gate     Net
    Cell:in->out      fanout   Delay   Delay  Logical Name (Net Name)
    ----------------------------------------  ------------
     FDR:C->Q              2   0.447   0.616  out_clk_0 (out_clk_0)
     INV:I->O              1   0.206   0.000  Mcount_out_clk_lut<0>_INV_0 (Mcount_out_clk_lut<0>)
     MUXCY:S->O            1   0.172   0.000  Mcount_out_clk_cy<0> (Mcount_out_clk_cy<0>)
     MUXCY:CI->O           1   0.019   0.000  Mcount_out_clk_cy<1> (Mcount_out_clk_cy<1>)
     MUXCY:CI->O           1   0.019   0.000  Mcount_out_clk_cy<2> (Mcount_out_clk_cy<2>)
     MUXCY:CI->O           1   0.019   0.000  Mcount_out_clk_cy<3> (Mcount_out_clk_cy<3>)
     MUXCY:CI->O           1   0.019   0.000  Mcount_out_clk_cy<4> (Mcount_out_clk_cy<4>)
     MUXCY:CI->O           1   0.019   0.000  Mcount_out_clk_cy<5> (Mcount_out_clk_cy<5>)
     MUXCY:CI->O           1   0.019   0.000  Mcount_out_clk_cy<6> (Mcount_out_clk_cy<6>)
     MUXCY:CI->O           1   0.019   0.000  Mcount_out_clk_cy<7> (Mcount_out_clk_cy<7>)
     MUXCY:CI->O           1   0.019   0.000  Mcount_out_clk_cy<8> (Mcount_out_clk_cy<8>)
     MUXCY:CI->O           1   0.019   0.000  Mcount_out_clk_cy<9> (Mcount_out_clk_cy<9>)
     MUXCY:CI->O           1   0.019   0.000  Mcount_out_clk_cy<10> (Mcount_out_clk_cy<10>)
     MUXCY:CI->O           1   0.019   0.000  Mcount_out_clk_cy<11> (Mcount_out_clk_cy<11>)
     MUXCY:CI->O           1   0.019   0.000  Mcount_out_clk_cy<12> (Mcount_out_clk_cy<12>)
     MUXCY:CI->O           1   0.019   0.000  Mcount_out_clk_cy<13> (Mcount_out_clk_cy<13>)
     MUXCY:CI->O           1   0.019   0.000  Mcount_out_clk_cy<14> (Mcount_out_clk_cy<14>)
     MUXCY:CI->O           1   0.019   0.000  Mcount_out_clk_cy<15> (Mcount_out_clk_cy<15>)
     MUXCY:CI->O           1   0.019   0.000  Mcount_out_clk_cy<16> (Mcount_out_clk_cy<16>)
     MUXCY:CI->O           1   0.019   0.000  Mcount_out_clk_cy<17> (Mcount_out_clk_cy<17>)
     MUXCY:CI->O           1   0.019   0.000  Mcount_out_clk_cy<18> (Mcount_out_clk_cy<18>)
     MUXCY:CI->O           1   0.019   0.000  Mcount_out_clk_cy<19> (Mcount_out_clk_cy<19>)
     MUXCY:CI->O           1   0.019   0.000  Mcount_out_clk_cy<20> (Mcount_out_clk_cy<20>)
     MUXCY:CI->O           1   0.019   0.000  Mcount_out_clk_cy<21> (Mcount_out_clk_cy<21>)
     MUXCY:CI->O           1   0.019   0.000  Mcount_out_clk_cy<22> (Mcount_out_clk_cy<22>)
     MUXCY:CI->O           1   0.019   0.000  Mcount_out_clk_cy<23> (Mcount_out_clk_cy<23>)
     MUXCY:CI->O           1   0.019   0.000  Mcount_out_clk_cy<24> (Mcount_out_clk_cy<24>)
     MUXCY:CI->O           1   0.019   0.000  Mcount_out_clk_cy<25> (Mcount_out_clk_cy<25>)
     MUXCY:CI->O           1   0.019   0.000  Mcount_out_clk_cy<26> (Mcount_out_clk_cy<26>)
     MUXCY:CI->O           1   0.019   0.000  Mcount_out_clk_cy<27> (Mcount_out_clk_cy<27>)
     MUXCY:CI->O           1   0.019   0.000  Mcount_out_clk_cy<28> (Mcount_out_clk_cy<28>)
     MUXCY:CI->O           1   0.019   0.000  Mcount_out_clk_cy<29> (Mcount_out_clk_cy<29>)
     MUXCY:CI->O           0   0.019   0.000  Mcount_out_clk_cy<30> (Mcount_out_clk_cy<30>)
     XORCY:CI->O           1   0.180   0.000  Mcount_out_clk_xor<31> (Result<31>)
     FDR:D                     0.102          out_clk_31
    ----------------------------------------
    Total                      2.293ns (1.677ns logic, 0.616ns route)
                                       (73.1% logic, 26.9% route)

=========================================================================
Timing constraint: Default OFFSET IN BEFORE for Clock 'clk'
  Total number of paths / destination ports: 32 / 32
-------------------------------------------------------------------------
Offset:              3.728ns (Levels of Logic = 2)
  Source:            rst (PAD)
  Destination:       out_clk_0 (FF)
  Destination Clock: clk rising

  Data Path: rst to out_clk_0
                                Gate     Net
    Cell:in->out      fanout   Delay   Delay  Logical Name (Net Name)
    ----------------------------------------  ------------
     IBUF:I->O             1   1.222   0.579  rst_IBUF (rst_IBUF)
     INV:I->O             32   0.206   1.291  rst_inv1_INV_0 (rst_inv)
     FDR:R                     0.430          out_clk_0
    ----------------------------------------
    Total                      3.728ns (1.858ns logic, 1.870ns route)
                                       (49.8% logic, 50.2% route)

=========================================================================
Timing constraint: Default OFFSET OUT AFTER for Clock 'clk'
  Total number of paths / destination ports: 32 / 32
-------------------------------------------------------------------------
Offset:              3.634ns (Levels of Logic = 1)
  Source:            out_clk_31 (FF)
  Destination:       out_clk<31> (PAD)
  Source Clock:      clk rising

  Data Path: out_clk_31 to out_clk<31>
                                Gate     Net
    Cell:in->out      fanout   Delay   Delay  Logical Name (Net Name)
    ----------------------------------------  ------------
     FDR:C->Q              2   0.447   0.616  out_clk_31 (out_clk_31)
     OBUF:I->O                 2.571          out_clk_31_OBUF (out_clk<31>)
    ----------------------------------------
    Total                      3.634ns (3.018ns logic, 0.616ns route)
                                       (83.0% logic, 17.0% route)

=========================================================================

Cross Clock Domains Report:
--------------------------

Clock to Setup on destination clock clk
---------------+---------+---------+---------+---------+
               | Src:Rise| Src:Fall| Src:Rise| Src:Fall|
Source Clock   |Dest:Rise|Dest:Rise|Dest:Fall|Dest:Fall|
---------------+---------+---------+---------+---------+
clk            |    2.293|         |         |         |
---------------+---------+---------+---------+---------+

=========================================================================


Total REAL time to Xst completion: 15.00 secs
Total CPU time to Xst completion: 12.45 secs
 
--> 


Total memory usage is 383840 kilobytes

Number of errors   :    0 (   0 filtered)
Number of warnings :    0 (   0 filtered)
Number of infos    :    0 (   0 filtered)

