Running: /opt/Xilinx/14.7/ISE_DS/ISE/bin/lin64/unwrapped/fuse -intstyle ise -incremental -lib unisims_ver -lib unimacro_ver -lib xilinxcorelib_ver -lib secureip -o /home/ise/divider/testdiv_isim_beh.exe -prj /home/ise/divider/testdiv_beh.prj work.testdiv work.glbl 
ISim P.20160913 (signature 0xfbc00daa)
Number of CPUs detected in this system: 1
Turning on mult-threading, number of parallel sub-compilation jobs: 0 
Determining compilation order of HDL files
Analyzing Verilog file "/home/ise/divider/divider.v" into library work
Analyzing Verilog file "/home/ise/divider/test.v" into library work
Analyzing Verilog file "/opt/Xilinx/14.7/ISE_DS/ISE//verilog/src/glbl.v" into library work
Starting static elaboration
Completed static elaboration
Fuse Memory Usage: 94924 KB
Fuse CPU Usage: 1440 ms
Compiling module divider
Compiling module testdiv
Compiling module glbl
Time Resolution for simulation is 1ps.
Compiled 3 Verilog Units
Built simulation executable /home/ise/divider/testdiv_isim_beh.exe
Fuse Memory Usage: 98028 KB
Fuse CPU Usage: 1440 ms
GCC CPU Usage: 300 ms
