Running: /opt/Xilinx/14.7/ISE_DS/ISE/bin/lin64/unwrapped/fuse -intstyle ise -incremental -lib unisims_ver -lib unimacro_ver -lib xilinxcorelib_ver -lib secureip -o /home/ise/twocomplement/test_compement_isim_beh.exe -prj /home/ise/twocomplement/test_compement_beh.prj work.test_compement work.glbl 
ISim P.20160913 (signature 0xfbc00daa)
Number of CPUs detected in this system: 1
Turning on mult-threading, number of parallel sub-compilation jobs: 0 
Determining compilation order of HDL files
Analyzing Verilog file "/home/ise/twocomplement/two_complement.v" into library work
Analyzing Verilog file "/home/ise/twocomplement/test_compement.v" into library work
Analyzing Verilog file "/opt/Xilinx/14.7/ISE_DS/ISE//verilog/src/glbl.v" into library work
Starting static elaboration
Completed static elaboration
Fuse Memory Usage: 94924 KB
Fuse CPU Usage: 1300 ms
Compiling module two_complement
Compiling module test_compement
Compiling module glbl
Time Resolution for simulation is 1ps.
Compiled 3 Verilog Units
Built simulation executable /home/ise/twocomplement/test_compement_isim_beh.exe
Fuse Memory Usage: 98020 KB
Fuse CPU Usage: 1320 ms
GCC CPU Usage: 220 ms
