Running: /opt/Xilinx/14.7/ISE_DS/ISE/bin/lin64/unwrapped/fuse -intstyle ise -incremental -lib unisims_ver -lib unimacro_ver -lib xilinxcorelib_ver -lib secureip -o /home/ise/traffaiclight/test_trafficcontrol_isim_beh.exe -prj /home/ise/traffaiclight/test_trafficcontrol_beh.prj work.test_trafficcontrol work.glbl 
ISim P.20160913 (signature 0xfbc00daa)
Number of CPUs detected in this system: 1
Turning on mult-threading, number of parallel sub-compilation jobs: 0 
Determining compilation order of HDL files
Analyzing Verilog file "/home/ise/traffaiclight/trafficcircuit.v" into library work
Analyzing Verilog file "/home/ise/traffaiclight/test_trafficcontrol.v" into library work
Analyzing Verilog file "/opt/Xilinx/14.7/ISE_DS/ISE//verilog/src/glbl.v" into library work
Starting static elaboration
Completed static elaboration
Fuse Memory Usage: 94928 KB
Fuse CPU Usage: 2710 ms
Compiling module trafficcircuit
Compiling module test_trafficcontrol
Compiling module glbl
Time Resolution for simulation is 1ps.
Compiled 3 Verilog Units
Built simulation executable /home/ise/traffaiclight/test_trafficcontrol_isim_beh.exe
Fuse Memory Usage: 98048 KB
Fuse CPU Usage: 2730 ms
GCC CPU Usage: 450 ms
