Running: /opt/Xilinx/14.7/ISE_DS/ISE/bin/lin64/unwrapped/fuse -intstyle ise -incremental -lib unisims_ver -lib unimacro_ver -lib xilinxcorelib_ver -lib secureip -o /home/ise/lcdcontrol/lcdvTSET_isim_beh.exe -prj /home/ise/lcdcontrol/lcdvTSET_beh.prj work.lcdvTSET work.glbl 
ISim P.20160913 (signature 0xfbc00daa)
Number of CPUs detected in this system: 1
Turning on mult-threading, number of parallel sub-compilation jobs: 0 
Determining compilation order of HDL files
Analyzing Verilog file "/home/ise/lcdcontrol/lcd.v" into library work
WARNING:HDLCompiler:751 - "/home/ise/lcdcontrol/lcd.v" Line 3: Redeclaration of ansi port data is not allowed
WARNING:HDLCompiler:751 - "/home/ise/lcdcontrol/lcd.v" Line 6: Redeclaration of ansi port lcd_e is not allowed
Analyzing Verilog file "/home/ise/lcdcontrol/test.v" into library work
Analyzing Verilog file "/opt/Xilinx/14.7/ISE_DS/ISE//verilog/src/glbl.v" into library work
Starting static elaboration
Completed static elaboration
Fuse Memory Usage: 94936 KB
Fuse CPU Usage: 1500 ms
Compiling module lcdverilog
Compiling module lcdvTSET
Compiling module glbl
Time Resolution for simulation is 1ps.
Compiled 3 Verilog Units
Built simulation executable /home/ise/lcdcontrol/lcdvTSET_isim_beh.exe
Fuse Memory Usage: 98076 KB
Fuse CPU Usage: 1520 ms
GCC CPU Usage: 360 ms
